[19.10.2022 15:33:00 ] [INFO] [main] [<module>: 6] => Start
[19.10.2022 15:33:13 ] [INFO] [UI] [ls_menu: 22] => The user has selected item number 1
[19.10.2022 15:33:23 ] [INFO] [UI] [ls_menu: 44] => The user has selected item number 5
[19.10.2022 15:33:32 ] [INFO] [UI] [ls_menu: 46] => User entered: {name}
[19.10.2022 15:33:37 ] [INFO] [UI] [ls_menu: 48] => User entered: {surname}
[19.10.2022 15:33:43 ] [INFO] [UI] [ls_menu: 50] => User entered: {number}
[19.10.2022 15:33:52 ] [INFO] [UI] [ls_menu: 52] => User entered: {email}
[19.10.2022 15:33:56 ] [INFO] [UI] [ls_menu: 22] => The user has selected item number 1
[19.10.2022 15:34:56 ] [WARNING] [UI] [сheck_number: 153] => User entered an invalid menu value: {arg}
[19.10.2022 15:35:36 ] [WARNING] [UI] [сheck_number: 153] => User entered an invalid menu value: {arg}
[19.10.2022 15:35:43 ] [INFO] [UI] [ls_menu: 56] => The user has selected item number 6
[19.10.2022 15:37:11 ] [INFO] [UI] [ls_menu: 63] => The user has selected item number 6.1
[19.10.2022 15:37:17 ] [INFO] [UI] [ls_menu: 65] => User entered: {search}
[19.10.2022 15:37:23 ] [INFO] [UI] [ls_menu: 68] => User entered: {user_id}
[19.10.2022 15:37:31 ] [INFO] [UI] [ls_menu: 70] => User entered: {new_number}
[19.10.2022 15:46:22 ] [WARNING] [UI] [сheck_number: 153] => User entered an invalid menu value: {arg}
[19.10.2022 15:46:44 ] [WARNING] [UI] [сheck_number: 153] => User entered an invalid menu value: {arg}
[19.10.2022 15:46:49 ] [WARNING] [UI] [сheck_number: 153] => User entered an invalid menu value: {arg}
[19.10.2022 15:46:50 ] [WARNING] [UI] [сheck_number: 153] => User entered an invalid menu value: {arg}
[19.10.2022 15:46:55 ] [INFO] [UI] [ls_menu: 44] => The user has selected item number 5
[19.10.2022 15:46:59 ] [INFO] [UI] [ls_menu: 46] => User entered: {name}
[19.10.2022 15:47:00 ] [INFO] [UI] [ls_menu: 48] => User entered: {surname}
[19.10.2022 15:47:01 ] [INFO] [UI] [ls_menu: 50] => User entered: {number}
[19.10.2022 15:47:02 ] [INFO] [UI] [ls_menu: 52] => User entered: {email}
[19.10.2022 15:47:41 ] [INFO] [UI] [ls_menu: 141] => End
[19.10.2022 15:47:48 ] [INFO] [main] [<module>: 6] => Start
[19.10.2022 15:47:51 ] [INFO] [UI] [ls_menu: 120] => End
